2025-05-18 15:42:51 - Starting save-blotter.php
2025-05-18 15:42:51 - POST request received
2025-05-18 15:42:51 - Connected to database
2025-05-18 15:42:51 - Generated blotter ID: BLT-2025-004
2025-05-18 15:42:51 - POST data: Array
(
    [incident_type] => asdfasdf
    [incident_date] => 2025-05-07
    [incident_time] => 12:31
    [incident_location] => sadfsadsa
    [incident_details] => dfasdfsadf
    [complainant_resident_id] => 1
    [complainant_name] => asdfasdfsda
    [complainant_address] => fasdfsadf
    [complainant_contact] => sadfsdf
    [respondent_resident_id] => 5
    [respondent_name] => asdfasdf
    [respondent_address] => asdfsdaf
    [respondent_contact] => asdfsadf
    [status] => Ongoing
    [action_taken] => asdfdsf
)

2025-05-18 15:42:51 - Query: INSERT INTO blotter_records (
            blotter_id, incident_type, complainant_name, complainant_address, complainant_contact, complainant_resident_id,
            respondent_name, respondent_address, respondent_contact, respondent_resident_id,
            incident_date, incident_time, incident_location, incident_details, status, action_taken
        ) VALUES (?, ?, ?, ?, ?, ?, ?, ?, ?, ?, ?, ?, ?, ?, ?, ?)
2025-05-18 15:42:51 - Bind parameters complete
2025-05-18 15:42:51 - Insert successful, ID: 6
2025-05-18 15:42:51 - Success, redirecting to blotter.php
2025-05-18 15:43:49 - Starting save-blotter.php
2025-05-18 15:43:49 - POST request received
2025-05-18 15:43:49 - Connected to database
2025-05-18 15:43:49 - Generated blotter ID: BLT-2025-004
2025-05-18 15:43:49 - POST data: Array
(
    [incident_type] => sdtfasdf
    [incident_date] => 2025-05-21
    [incident_time] => 12:31
    [incident_location] => asdfsdaf
    [incident_details] => sdafasdf
    [complainant_resident_id] => 5
    [complainant_name] => asdfasdf
    [complainant_address] => asdfdsf
    [complainant_contact] => sdf
    [respondent_resident_id] => 4
    [respondent_name] => sadfsadf
    [respondent_address] => sdfsdfasdf
    [respondent_contact] => sdaf
    [status] => Dismissed
    [action_taken] => asdfdsfsdf
)

2025-05-18 15:43:49 - Query: INSERT INTO blotter_records (
            blotter_id, incident_type, complainant_name, complainant_address, complainant_contact, complainant_resident_id,
            respondent_name, respondent_address, respondent_contact, respondent_resident_id,
            incident_date, incident_time, incident_location, incident_details, status, action_taken
        ) VALUES (?, ?, ?, ?, ?, ?, ?, ?, ?, ?, ?, ?, ?, ?, ?, ?)
2025-05-18 15:43:49 - Bind parameters complete
2025-05-18 15:43:49 - Insert successful, ID: 7
2025-05-18 15:43:49 - Success, redirecting to blotter.php
